#-----------------------------------------------------------
# Vivado v2019.2 (64-bit)
# SW Build 2708876 on Wed Nov  6 21:40:23 MST 2019
# IP Build 2700528 on Thu Nov  7 00:09:20 MST 2019
# Start of session at: Thu Dec 31 18:02:26 2020
# Process ID: 4804
# Current directory: D:/thirdyear/hardwareSysthesis/HardwareSynthesisDesign/HardwareSynthesisDesign
# Command line: vivado.exe -gui_launcher_event rodinguilauncherevent2072 D:\thirdyear\hardwareSysthesis\HardwareSynthesisDesign\HardwareSynthesisDesign\HardwareSynthesisDesign.xpr
# Log file: D:/thirdyear/hardwareSysthesis/HardwareSynthesisDesign/HardwareSynthesisDesign/vivado.log
# Journal file: D:/thirdyear/hardwareSysthesis/HardwareSynthesisDesign/HardwareSynthesisDesign\vivado.jou
#-----------------------------------------------------------
start_gui
open_project D:/thirdyear/hardwareSysthesis/HardwareSynthesisDesign/HardwareSynthesisDesign/HardwareSynthesisDesign.xpr
CRITICAL WARNING: [Project 1-19] Could not find the file 'D:/thirdyear/hardwareSysthesis/HardwareSynthesisDesign/HardwareSynthesisDesign/rtls/sign_extend.v'.
Scanning sources...
Finished scanning sources
INFO: [IP_Flow 19-234] Refreshing IP repositories
INFO: [IP_Flow 19-1704] No user IP repositories specified
INFO: [IP_Flow 19-2313] Loaded Vivado IP repository 'D:/vivado2019.2/Vivado/2019.2/data/ip'.
update_compile_order -fileset sources_1
update_compile_order -fileset sources_1
update_compile_order -fileset sources_1
open_project D:/thirdyear/hardwareSysthesis/lyf/MIPS32/pipelineX.xpr
Scanning sources...
Finished scanning sources
INFO: [IP_Flow 19-234] Refreshing IP repositories
INFO: [IP_Flow 19-1704] No user IP repositories specified
INFO: [IP_Flow 19-2313] Loaded Vivado IP repository 'D:/vivado2019.2/Vivado/2019.2/data/ip'.
update_compile_order -fileset sources_1
current_project HardwareSynthesisDesign
update_compile_order -fileset sources_1
current_project pipelineX
close_project
exit
INFO: [Common 17-206] Exiting Vivado at Thu Dec 31 23:19:34 2020...
