INFO: [VRFC 10-2263] Analyzing Verilog file "D:/thirdyear/hardwareSysthesis/gitVersion/HardwareSynthesisDesign/ip/data_ram/sim/data_ram.v" into library xil_defaultlib
INFO: [VRFC 10-311] analyzing module data_ram
INFO: [VRFC 10-2263] Analyzing Verilog file "D:/thirdyear/hardwareSysthesis/gitVersion/HardwareSynthesisDesign/ip/inst_ram/sim/inst_ram.v" into library xil_defaultlib
INFO: [VRFC 10-311] analyzing module inst_ram
INFO: [VRFC 10-2263] Analyzing Verilog file "D:/thirdyear/hardwareSysthesis/gitVersion/HardwareSynthesisDesign/rtls/adder.v" into library xil_defaultlib
INFO: [VRFC 10-311] analyzing module adder
INFO: [VRFC 10-2263] Analyzing Verilog file "D:/thirdyear/hardwareSysthesis/gitVersion/HardwareSynthesisDesign/HardwareSynthesisDesign.srcs/sources_1/new/alu_57inst.v" into library xil_defaultlib
INFO: [VRFC 10-311] analyzing module alu
INFO: [VRFC 10-2263] Analyzing Verilog file "D:/thirdyear/hardwareSysthesis/gitVersion/HardwareSynthesisDesign/HardwareSynthesisDesign.srcs/sources_1/new/aludec_57inst.v" into library xil_defaultlib
INFO: [VRFC 10-311] analyzing module aludec
INFO: [VRFC 10-2263] Analyzing Verilog file "D:/thirdyear/hardwareSysthesis/gitVersion/HardwareSynthesisDesign/rtls/controller.v" into library xil_defaultlib
INFO: [VRFC 10-311] analyzing module controller
INFO: [VRFC 10-2263] Analyzing Verilog file "D:/thirdyear/hardwareSysthesis/gitVersion/HardwareSynthesisDesign/rtls/datapath.v" into library xil_defaultlib
INFO: [VRFC 10-311] analyzing module datapath
INFO: [VRFC 10-2458] undeclared symbol end_div, assumed default net type wire [D:/thirdyear/hardwareSysthesis/gitVersion/HardwareSynthesisDesign/rtls/datapath.v:347]
INFO: [VRFC 10-2263] Analyzing Verilog file "D:/thirdyear/hardwareSysthesis/gitVersion/HardwareSynthesisDesign/HardwareSynthesisDesign.srcs/sources_1/new/div.v" into library xil_defaultlib
INFO: [VRFC 10-311] analyzing module div
INFO: [VRFC 10-2263] Analyzing Verilog file "D:/thirdyear/hardwareSysthesis/gitVersion/HardwareSynthesisDesign/rtls/flopenrc.v" into library xil_defaultlib
INFO: [VRFC 10-311] analyzing module flopenrc
INFO: [VRFC 10-2263] Analyzing Verilog file "D:/thirdyear/hardwareSysthesis/gitVersion/HardwareSynthesisDesign/rtls/floprc.v" into library xil_defaultlib
INFO: [VRFC 10-311] analyzing module floprc
INFO: [VRFC 10-2263] Analyzing Verilog file "D:/thirdyear/hardwareSysthesis/gitVersion/HardwareSynthesisDesign/rtls/hazard_unit.v" into library xil_defaultlib
INFO: [VRFC 10-311] analyzing module hazard_unit
INFO: [VRFC 10-2263] Analyzing Verilog file "D:/thirdyear/hardwareSysthesis/gitVersion/HardwareSynthesisDesign/HardwareSynthesisDesign.srcs/sources_1/new/hilo_distribute.v" into library xil_defaultlib
INFO: [VRFC 10-311] analyzing module hilo_distribute
INFO: [VRFC 10-2263] Analyzing Verilog file "D:/thirdyear/hardwareSysthesis/gitVersion/HardwareSynthesisDesign/hilo_reg.v" into library xil_defaultlib
INFO: [VRFC 10-311] analyzing module hilo_reg
INFO: [VRFC 10-2263] Analyzing Verilog file "D:/thirdyear/hardwareSysthesis/gitVersion/HardwareSynthesisDesign/HardwareSynthesisDesign.srcs/sources_1/new/maindec.v" into library xil_defaultlib
INFO: [VRFC 10-311] analyzing module maindec
INFO: [VRFC 10-2458] undeclared symbol jar, assumed default net type wire [D:/thirdyear/hardwareSysthesis/gitVersion/HardwareSynthesisDesign/HardwareSynthesisDesign.srcs/sources_1/new/maindec.v:35]
INFO: [VRFC 10-2263] Analyzing Verilog file "D:/thirdyear/hardwareSysthesis/gitVersion/HardwareSynthesisDesign/rtls/mips.v" into library xil_defaultlib
INFO: [VRFC 10-311] analyzing module mips
INFO: [VRFC 10-2263] Analyzing Verilog file "D:/thirdyear/hardwareSysthesis/gitVersion/HardwareSynthesisDesign/rtls/mux2x1_32.v" into library xil_defaultlib
INFO: [VRFC 10-311] analyzing module mux2x1_32
INFO: [VRFC 10-2263] Analyzing Verilog file "D:/thirdyear/hardwareSysthesis/gitVersion/HardwareSynthesisDesign/rtls/mux2x1_5.v" into library xil_defaultlib
INFO: [VRFC 10-311] analyzing module mux2x1_5
INFO: [VRFC 10-2263] Analyzing Verilog file "D:/thirdyear/hardwareSysthesis/gitVersion/HardwareSynthesisDesign/rtls/mux3x1_forward.v" into library xil_defaultlib
INFO: [VRFC 10-311] analyzing module mux3x1_forward
INFO: [VRFC 10-2263] Analyzing Verilog file "D:/thirdyear/hardwareSysthesis/gitVersion/HardwareSynthesisDesign/rtls/mux4x1_forwardD.v" into library xil_defaultlib
INFO: [VRFC 10-311] analyzing module mux4x1_forwardD
INFO: [VRFC 10-2263] Analyzing Verilog file "D:/thirdyear/hardwareSysthesis/gitVersion/HardwareSynthesisDesign/rtls/pc.v" into library xil_defaultlib
INFO: [VRFC 10-311] analyzing module pc
INFO: [VRFC 10-2263] Analyzing Verilog file "D:/thirdyear/hardwareSysthesis/gitVersion/HardwareSynthesisDesign/rtls/regfile.v" into library xil_defaultlib
INFO: [VRFC 10-311] analyzing module regfile
INFO: [VRFC 10-2263] Analyzing Verilog file "D:/thirdyear/hardwareSysthesis/gitVersion/HardwareSynthesisDesign/HardwareSynthesisDesign.srcs/sources_1/new/sign_extend_57inst.v" into library xil_defaultlib
INFO: [VRFC 10-311] analyzing module sign_extend
INFO: [VRFC 10-2263] Analyzing Verilog file "D:/thirdyear/hardwareSysthesis/gitVersion/HardwareSynthesisDesign/rtls/sl2.v" into library xil_defaultlib
INFO: [VRFC 10-311] analyzing module sl2
INFO: [VRFC 10-2263] Analyzing Verilog file "D:/thirdyear/hardwareSysthesis/gitVersion/HardwareSynthesisDesign/rtls/top.v" into library xil_defaultlib
INFO: [VRFC 10-311] analyzing module top
INFO: [VRFC 10-2263] Analyzing Verilog file "D:/thirdyear/hardwareSysthesis/gitVersion/HardwareSynthesisDesign/sim/testbench.v" into library xil_defaultlib
INFO: [VRFC 10-311] analyzing module testbench
