#-----------------------------------------------------------
# Webtalk v2019.2 (64-bit)
# SW Build 2708876 on Wed Nov  6 21:40:23 MST 2019
# IP Build 2700528 on Thu Nov  7 00:09:20 MST 2019
<<<<<<< HEAD
# Start of session at: Sun Jan  3 15:21:17 2021
# Process ID: 4224
# Current directory: D:/thirdyear/hardwareSysthesis/git-add_hazard/HardwareSynthesisDesign/HardwareSynthesisDesign.sim/sim_1/behav/xsim
# Command line: wbtcv.exe -mode batch -source D:/thirdyear/hardwareSysthesis/git-add_hazard/HardwareSynthesisDesign/HardwareSynthesisDesign.sim/sim_1/behav/xsim/xsim.dir/testbench_behav/webtalk/xsim_webtalk.tcl -notrace
# Log file: D:/thirdyear/hardwareSysthesis/git-add_hazard/HardwareSynthesisDesign/HardwareSynthesisDesign.sim/sim_1/behav/xsim/webtalk.log
# Journal file: D:/thirdyear/hardwareSysthesis/git-add_hazard/HardwareSynthesisDesign/HardwareSynthesisDesign.sim/sim_1/behav/xsim\webtalk.jou
#-----------------------------------------------------------
source D:/thirdyear/hardwareSysthesis/git-add_hazard/HardwareSynthesisDesign/HardwareSynthesisDesign.sim/sim_1/behav/xsim/xsim.dir/testbench_behav/webtalk/xsim_webtalk.tcl -notrace
webtalk_transmit: Time (s): cpu = 00:00:00 ; elapsed = 00:00:07 . Memory (MB): peak = 92.500 ; gain = 0.000
INFO: [Common 17-206] Exiting Webtalk at Sun Jan  3 15:21:24 2021...
=======
# Start of session at: Sun Jan  3 15:29:35 2021
# Process ID: 5492
# Current directory: C:/Users/Finger_Leader/Desktop/hardware/hardwareSynthesisDesign/HardwareSynthesisDesign/HardwareSynthesisDesign.sim/sim_1/behav/xsim
# Command line: wbtcv.exe -mode batch -source C:/Users/Finger_Leader/Desktop/hardware/hardwareSynthesisDesign/HardwareSynthesisDesign/HardwareSynthesisDesign.sim/sim_1/behav/xsim/xsim.dir/testbench_behav/webtalk/xsim_webtalk.tcl -notrace
# Log file: C:/Users/Finger_Leader/Desktop/hardware/hardwareSynthesisDesign/HardwareSynthesisDesign/HardwareSynthesisDesign.sim/sim_1/behav/xsim/webtalk.log
# Journal file: C:/Users/Finger_Leader/Desktop/hardware/hardwareSynthesisDesign/HardwareSynthesisDesign/HardwareSynthesisDesign.sim/sim_1/behav/xsim\webtalk.jou
#-----------------------------------------------------------
source C:/Users/Finger_Leader/Desktop/hardware/hardwareSynthesisDesign/HardwareSynthesisDesign/HardwareSynthesisDesign.sim/sim_1/behav/xsim/xsim.dir/testbench_behav/webtalk/xsim_webtalk.tcl -notrace
INFO: [Common 17-186] 'C:/Users/Finger_Leader/Desktop/hardware/hardwareSynthesisDesign/HardwareSynthesisDesign/HardwareSynthesisDesign.sim/sim_1/behav/xsim/xsim.dir/testbench_behav/webtalk/usage_statistics_ext_xsim.xml' has been successfully sent to Xilinx on Sun Jan  3 15:29:38 2021. For additional details about this file, please refer to the WebTalk help file at D:/Xilinx/Vivado/2019.2/doc/webtalk_introduction.html.
INFO: [Common 17-206] Exiting Webtalk at Sun Jan  3 15:29:38 2021...
>>>>>>> 2db0d4d77f6fd4d0a5b33b1a15fa4c914c5e4c7d
