INFO: [VRFC 10-2263] Analyzing Verilog file "D:/thirdyear/hardwareSysthesis/git-okWithLandS/git-add_hazard/git-add_hazard/HardwareSynthesisDesign/ip/data_ram/sim/data_ram.v" into library xil_defaultlib
INFO: [VRFC 10-311] analyzing module data_ram
INFO: [VRFC 10-2263] Analyzing Verilog file "D:/thirdyear/hardwareSysthesis/git-okWithLandS/git-add_hazard/git-add_hazard/HardwareSynthesisDesign/ip/inst_ram/sim/inst_ram.v" into library xil_defaultlib
INFO: [VRFC 10-311] analyzing module inst_ram
INFO: [VRFC 10-2263] Analyzing Verilog file "D:/thirdyear/hardwareSysthesis/git-okWithLandS/git-add_hazard/git-add_hazard/HardwareSynthesisDesign/rtls/adder.v" into library xil_defaultlib
INFO: [VRFC 10-311] analyzing module adder
INFO: [VRFC 10-2263] Analyzing Verilog file "D:/thirdyear/hardwareSysthesis/git-okWithLandS/git-add_hazard/git-add_hazard/HardwareSynthesisDesign/HardwareSynthesisDesign.srcs/sources_1/new/alu_57inst.v" into library xil_defaultlib
INFO: [VRFC 10-311] analyzing module alu
INFO: [VRFC 10-2263] Analyzing Verilog file "D:/thirdyear/hardwareSysthesis/git-okWithLandS/git-add_hazard/git-add_hazard/HardwareSynthesisDesign/HardwareSynthesisDesign.srcs/sources_1/new/aludec_57inst.v" into library xil_defaultlib
INFO: [VRFC 10-311] analyzing module aludec
INFO: [VRFC 10-2263] Analyzing Verilog file "D:/thirdyear/hardwareSysthesis/git-okWithLandS/git-add_hazard/git-add_hazard/HardwareSynthesisDesign/rtls/controller.v" into library xil_defaultlib
INFO: [VRFC 10-311] analyzing module controller
INFO: [VRFC 10-2458] undeclared symbol memwriteD, assumed default net type wire [D:/thirdyear/hardwareSysthesis/git-okWithLandS/git-add_hazard/git-add_hazard/HardwareSynthesisDesign/rtls/controller.v:81]
INFO: [VRFC 10-2458] undeclared symbol memwriteE, assumed default net type wire [D:/thirdyear/hardwareSysthesis/git-okWithLandS/git-add_hazard/git-add_hazard/HardwareSynthesisDesign/rtls/controller.v:128]
INFO: [VRFC 10-2263] Analyzing Verilog file "D:/thirdyear/hardwareSysthesis/git-okWithLandS/git-add_hazard/git-add_hazard/HardwareSynthesisDesign/rtls/datapath.v" into library xil_defaultlib
INFO: [VRFC 10-311] analyzing module datapath
INFO: [VRFC 10-2458] undeclared symbol stall_divE, assumed default net type wire [D:/thirdyear/hardwareSysthesis/git-okWithLandS/git-add_hazard/git-add_hazard/HardwareSynthesisDesign/rtls/datapath.v:360]
INFO: [VRFC 10-2458] undeclared symbol address_error, assumed default net type wire [D:/thirdyear/hardwareSysthesis/git-okWithLandS/git-add_hazard/git-add_hazard/HardwareSynthesisDesign/rtls/datapath.v:506]
INFO: [VRFC 10-2263] Analyzing Verilog file "D:/thirdyear/hardwareSysthesis/git-okWithLandS/git-add_hazard/git-add_hazard/HardwareSynthesisDesign/HardwareSynthesisDesign.srcs/sources_1/new/div.v" into library xil_defaultlib
INFO: [VRFC 10-311] analyzing module div
INFO: [VRFC 10-2263] Analyzing Verilog file "D:/thirdyear/hardwareSysthesis/git-okWithLandS/git-add_hazard/git-add_hazard/HardwareSynthesisDesign/HardwareSynthesisDesign.srcs/sources_1/new/eqcmp.v" into library xil_defaultlib
INFO: [VRFC 10-311] analyzing module eqcmp
INFO: [VRFC 10-2263] Analyzing Verilog file "D:/thirdyear/hardwareSysthesis/git-okWithLandS/git-add_hazard/git-add_hazard/HardwareSynthesisDesign/rtls/flopenrc.v" into library xil_defaultlib
INFO: [VRFC 10-311] analyzing module flopenrc
INFO: [VRFC 10-2263] Analyzing Verilog file "D:/thirdyear/hardwareSysthesis/git-okWithLandS/git-add_hazard/git-add_hazard/HardwareSynthesisDesign/HardwareSynthesisDesign.srcs/sources_1/new/hazard_57inst.v" into library xil_defaultlib
INFO: [VRFC 10-311] analyzing module hazard_57inst
INFO: [VRFC 10-2263] Analyzing Verilog file "D:/thirdyear/hardwareSysthesis/git-okWithLandS/git-add_hazard/git-add_hazard/HardwareSynthesisDesign/HardwareSynthesisDesign.srcs/sources_1/new/hilo_distribute.v" into library xil_defaultlib
INFO: [VRFC 10-311] analyzing module hilo_distribute
INFO: [VRFC 10-2263] Analyzing Verilog file "D:/thirdyear/hardwareSysthesis/git-okWithLandS/git-add_hazard/git-add_hazard/HardwareSynthesisDesign/hilo_reg.v" into library xil_defaultlib
INFO: [VRFC 10-311] analyzing module hilo_reg
INFO: [VRFC 10-2263] Analyzing Verilog file "D:/thirdyear/hardwareSysthesis/git-okWithLandS/git-add_hazard/git-add_hazard/HardwareSynthesisDesign/HardwareSynthesisDesign.srcs/sources_1/new/loadData_byteSelect.v" into library xil_defaultlib
INFO: [VRFC 10-311] analyzing module loadData_byteSelect
WARNING: [VRFC 10-526] concatenation with unsized literal; will interpret as 32 bits [D:/thirdyear/hardwareSysthesis/git-okWithLandS/git-add_hazard/git-add_hazard/HardwareSynthesisDesign/HardwareSynthesisDesign.srcs/sources_1/new/loadData_byteSelect.v:127]
WARNING: [VRFC 10-526] concatenation with unsized literal; will interpret as 32 bits [D:/thirdyear/hardwareSysthesis/git-okWithLandS/git-add_hazard/git-add_hazard/HardwareSynthesisDesign/HardwareSynthesisDesign.srcs/sources_1/new/loadData_byteSelect.v:128]
WARNING: [VRFC 10-526] concatenation with unsized literal; will interpret as 32 bits [D:/thirdyear/hardwareSysthesis/git-okWithLandS/git-add_hazard/git-add_hazard/HardwareSynthesisDesign/HardwareSynthesisDesign.srcs/sources_1/new/loadData_byteSelect.v:129]
WARNING: [VRFC 10-526] concatenation with unsized literal; will interpret as 32 bits [D:/thirdyear/hardwareSysthesis/git-okWithLandS/git-add_hazard/git-add_hazard/HardwareSynthesisDesign/HardwareSynthesisDesign.srcs/sources_1/new/loadData_byteSelect.v:130]
WARNING: [VRFC 10-526] concatenation with unsized literal; will interpret as 32 bits [D:/thirdyear/hardwareSysthesis/git-okWithLandS/git-add_hazard/git-add_hazard/HardwareSynthesisDesign/HardwareSynthesisDesign.srcs/sources_1/new/loadData_byteSelect.v:155]
WARNING: [VRFC 10-526] concatenation with unsized literal; will interpret as 32 bits [D:/thirdyear/hardwareSysthesis/git-okWithLandS/git-add_hazard/git-add_hazard/HardwareSynthesisDesign/HardwareSynthesisDesign.srcs/sources_1/new/loadData_byteSelect.v:156]
INFO: [VRFC 10-2263] Analyzing Verilog file "D:/thirdyear/hardwareSysthesis/git-okWithLandS/git-add_hazard/git-add_hazard/HardwareSynthesisDesign/HardwareSynthesisDesign.srcs/sources_1/new/maindec.v" into library xil_defaultlib
INFO: [VRFC 10-311] analyzing module maindec
INFO: [VRFC 10-2263] Analyzing Verilog file "D:/thirdyear/hardwareSysthesis/git-okWithLandS/git-add_hazard/git-add_hazard/HardwareSynthesisDesign/rtls/mips.v" into library xil_defaultlib
INFO: [VRFC 10-311] analyzing module mips
INFO: [VRFC 10-2263] Analyzing Verilog file "D:/thirdyear/hardwareSysthesis/git-okWithLandS/git-add_hazard/git-add_hazard/HardwareSynthesisDesign/rtls/mux2x1_32.v" into library xil_defaultlib
INFO: [VRFC 10-311] analyzing module mux2x1_32
INFO: [VRFC 10-2263] Analyzing Verilog file "D:/thirdyear/hardwareSysthesis/git-okWithLandS/git-add_hazard/git-add_hazard/HardwareSynthesisDesign/rtls/mux2x1_5.v" into library xil_defaultlib
INFO: [VRFC 10-311] analyzing module mux2x1_5
INFO: [VRFC 10-2263] Analyzing Verilog file "D:/thirdyear/hardwareSysthesis/git-okWithLandS/git-add_hazard/git-add_hazard/HardwareSynthesisDesign/HardwareSynthesisDesign.srcs/sources_1/new/mux2x1_64.v" into library xil_defaultlib
INFO: [VRFC 10-311] analyzing module mux2x1_64
INFO: [VRFC 10-2263] Analyzing Verilog file "D:/thirdyear/hardwareSysthesis/git-okWithLandS/git-add_hazard/git-add_hazard/HardwareSynthesisDesign/rtls/mux3x1_forward.v" into library xil_defaultlib
INFO: [VRFC 10-311] analyzing module mux3x1_forward
INFO: [VRFC 10-2263] Analyzing Verilog file "D:/thirdyear/hardwareSysthesis/git-okWithLandS/git-add_hazard/git-add_hazard/HardwareSynthesisDesign/rtls/mux4x1_forwardD.v" into library xil_defaultlib
INFO: [VRFC 10-311] analyzing module mux4x1_forwardD
INFO: [VRFC 10-2263] Analyzing Verilog file "D:/thirdyear/hardwareSysthesis/git-okWithLandS/git-add_hazard/git-add_hazard/HardwareSynthesisDesign/rtls/pc.v" into library xil_defaultlib
INFO: [VRFC 10-311] analyzing module pc
INFO: [VRFC 10-2263] Analyzing Verilog file "D:/thirdyear/hardwareSysthesis/git-okWithLandS/git-add_hazard/git-add_hazard/HardwareSynthesisDesign/rtls/regfile.v" into library xil_defaultlib
INFO: [VRFC 10-311] analyzing module regfile
INFO: [VRFC 10-2263] Analyzing Verilog file "D:/thirdyear/hardwareSysthesis/git-okWithLandS/git-add_hazard/git-add_hazard/HardwareSynthesisDesign/HardwareSynthesisDesign.srcs/sources_1/new/saveData_Mask.v" into library xil_defaultlib
INFO: [VRFC 10-311] analyzing module saveData_Mask
INFO: [VRFC 10-2263] Analyzing Verilog file "D:/thirdyear/hardwareSysthesis/git-okWithLandS/git-add_hazard/git-add_hazard/HardwareSynthesisDesign/HardwareSynthesisDesign.srcs/sources_1/new/sign_extend_57inst.v" into library xil_defaultlib
INFO: [VRFC 10-311] analyzing module sign_extend
INFO: [VRFC 10-2263] Analyzing Verilog file "D:/thirdyear/hardwareSysthesis/git-okWithLandS/git-add_hazard/git-add_hazard/HardwareSynthesisDesign/rtls/sl2.v" into library xil_defaultlib
INFO: [VRFC 10-311] analyzing module sl2
INFO: [VRFC 10-2263] Analyzing Verilog file "D:/thirdyear/hardwareSysthesis/git-okWithLandS/git-add_hazard/git-add_hazard/HardwareSynthesisDesign/rtls/top.v" into library xil_defaultlib
INFO: [VRFC 10-311] analyzing module top
INFO: [VRFC 10-2263] Analyzing Verilog file "D:/thirdyear/hardwareSysthesis/git-okWithLandS/git-add_hazard/git-add_hazard/HardwareSynthesisDesign/sim/testbench.v" into library xil_defaultlib
INFO: [VRFC 10-311] analyzing module testbench
