INFO: [VRFC 10-2263] Analyzing Verilog file "D:/thirdyear/hardwareSysthesis/HardwareSynthesisDesign/HardwareSynthesisDesign/ip/data_ram/sim/data_ram.v" into library xil_defaultlib
INFO: [VRFC 10-311] analyzing module data_ram
INFO: [VRFC 10-2263] Analyzing Verilog file "D:/thirdyear/hardwareSysthesis/HardwareSynthesisDesign/HardwareSynthesisDesign/ip/inst_ram/sim/inst_ram.v" into library xil_defaultlib
INFO: [VRFC 10-311] analyzing module inst_ram
INFO: [VRFC 10-2263] Analyzing Verilog file "D:/thirdyear/hardwareSysthesis/HardwareSynthesisDesign/HardwareSynthesisDesign/rtls/adder.v" into library xil_defaultlib
INFO: [VRFC 10-311] analyzing module adder
INFO: [VRFC 10-2263] Analyzing Verilog file "D:/thirdyear/hardwareSysthesis/HardwareSynthesisDesign/HardwareSynthesisDesign/HardwareSynthesisDesign.srcs/sources_1/new/alu_57inst.v" into library xil_defaultlib
INFO: [VRFC 10-311] analyzing module alu
WARNING: [VRFC 10-526] concatenation with unsized literal; will interpret as 32 bits [D:/thirdyear/hardwareSysthesis/HardwareSynthesisDesign/HardwareSynthesisDesign/HardwareSynthesisDesign.srcs/sources_1/new/alu_57inst.v:58]
INFO: [VRFC 10-2263] Analyzing Verilog file "D:/thirdyear/hardwareSysthesis/HardwareSynthesisDesign/HardwareSynthesisDesign/HardwareSynthesisDesign.srcs/sources_1/new/aludec_57inst.v" into library xil_defaultlib
INFO: [VRFC 10-311] analyzing module aludec
INFO: [VRFC 10-2263] Analyzing Verilog file "D:/thirdyear/hardwareSysthesis/HardwareSynthesisDesign/HardwareSynthesisDesign/rtls/controller.v" into library xil_defaultlib
INFO: [VRFC 10-311] analyzing module controller
INFO: [VRFC 10-2263] Analyzing Verilog file "D:/thirdyear/hardwareSysthesis/HardwareSynthesisDesign/HardwareSynthesisDesign/rtls/datapath.v" into library xil_defaultlib
INFO: [VRFC 10-311] analyzing module datapath
INFO: [VRFC 10-2263] Analyzing Verilog file "D:/thirdyear/hardwareSysthesis/HardwareSynthesisDesign/HardwareSynthesisDesign/rtls/flopenrc.v" into library xil_defaultlib
INFO: [VRFC 10-311] analyzing module flopenrc
INFO: [VRFC 10-2263] Analyzing Verilog file "D:/thirdyear/hardwareSysthesis/HardwareSynthesisDesign/HardwareSynthesisDesign/rtls/floprc.v" into library xil_defaultlib
INFO: [VRFC 10-311] analyzing module floprc
INFO: [VRFC 10-2263] Analyzing Verilog file "D:/thirdyear/hardwareSysthesis/HardwareSynthesisDesign/HardwareSynthesisDesign/rtls/hazard_unit.v" into library xil_defaultlib
INFO: [VRFC 10-311] analyzing module hazard_unit
INFO: [VRFC 10-2263] Analyzing Verilog file "D:/thirdyear/hardwareSysthesis/HardwareSynthesisDesign/HardwareSynthesisDesign/HardwareSynthesisDesign.srcs/sources_1/new/maindec.v" into library xil_defaultlib
INFO: [VRFC 10-311] analyzing module maindec
INFO: [VRFC 10-2458] undeclared symbol jar, assumed default net type wire [D:/thirdyear/hardwareSysthesis/HardwareSynthesisDesign/HardwareSynthesisDesign/HardwareSynthesisDesign.srcs/sources_1/new/maindec.v:35]
INFO: [VRFC 10-2458] undeclared symbol DataMove, assumed default net type wire [D:/thirdyear/hardwareSysthesis/HardwareSynthesisDesign/HardwareSynthesisDesign/HardwareSynthesisDesign.srcs/sources_1/new/maindec.v:35]
INFO: [VRFC 10-2458] undeclared symbol WriteHiLo, assumed default net type wire [D:/thirdyear/hardwareSysthesis/HardwareSynthesisDesign/HardwareSynthesisDesign/HardwareSynthesisDesign.srcs/sources_1/new/maindec.v:35]
INFO: [VRFC 10-2458] undeclared symbol HiorLo, assumed default net type wire [D:/thirdyear/hardwareSysthesis/HardwareSynthesisDesign/HardwareSynthesisDesign/HardwareSynthesisDesign.srcs/sources_1/new/maindec.v:35]
INFO: [VRFC 10-2263] Analyzing Verilog file "D:/thirdyear/hardwareSysthesis/HardwareSynthesisDesign/HardwareSynthesisDesign/rtls/mips.v" into library xil_defaultlib
INFO: [VRFC 10-311] analyzing module mips
INFO: [VRFC 10-2263] Analyzing Verilog file "D:/thirdyear/hardwareSysthesis/HardwareSynthesisDesign/HardwareSynthesisDesign/rtls/mux2x1_32.v" into library xil_defaultlib
INFO: [VRFC 10-311] analyzing module mux2x1_32
INFO: [VRFC 10-2263] Analyzing Verilog file "D:/thirdyear/hardwareSysthesis/HardwareSynthesisDesign/HardwareSynthesisDesign/rtls/mux2x1_5.v" into library xil_defaultlib
INFO: [VRFC 10-311] analyzing module mux2x1_5
INFO: [VRFC 10-2263] Analyzing Verilog file "D:/thirdyear/hardwareSysthesis/HardwareSynthesisDesign/HardwareSynthesisDesign/rtls/mux3x1_forward.v" into library xil_defaultlib
INFO: [VRFC 10-311] analyzing module mux3x1_forward
INFO: [VRFC 10-2263] Analyzing Verilog file "D:/thirdyear/hardwareSysthesis/HardwareSynthesisDesign/HardwareSynthesisDesign/rtls/mux4x1_forwardD.v" into library xil_defaultlib
INFO: [VRFC 10-311] analyzing module mux4x1_forwardD
INFO: [VRFC 10-2263] Analyzing Verilog file "D:/thirdyear/hardwareSysthesis/HardwareSynthesisDesign/HardwareSynthesisDesign/rtls/pc.v" into library xil_defaultlib
INFO: [VRFC 10-311] analyzing module pc
INFO: [VRFC 10-2263] Analyzing Verilog file "D:/thirdyear/hardwareSysthesis/HardwareSynthesisDesign/HardwareSynthesisDesign/rtls/regfile.v" into library xil_defaultlib
INFO: [VRFC 10-311] analyzing module regfile
INFO: [VRFC 10-2263] Analyzing Verilog file "D:/thirdyear/hardwareSysthesis/HardwareSynthesisDesign/HardwareSynthesisDesign/HardwareSynthesisDesign.srcs/sources_1/new/sign_extend_57inst.v" into library xil_defaultlib
INFO: [VRFC 10-311] analyzing module sign_extend
INFO: [VRFC 10-2263] Analyzing Verilog file "D:/thirdyear/hardwareSysthesis/HardwareSynthesisDesign/HardwareSynthesisDesign/rtls/sl2.v" into library xil_defaultlib
INFO: [VRFC 10-311] analyzing module sl2
INFO: [VRFC 10-2263] Analyzing Verilog file "D:/thirdyear/hardwareSysthesis/HardwareSynthesisDesign/HardwareSynthesisDesign/rtls/top.v" into library xil_defaultlib
INFO: [VRFC 10-311] analyzing module top
INFO: [VRFC 10-2263] Analyzing Verilog file "D:/thirdyear/hardwareSysthesis/HardwareSynthesisDesign/HardwareSynthesisDesign/sim/testbench.v" into library xil_defaultlib
INFO: [VRFC 10-311] analyzing module testbench
