
*** Running vivado
    with args -log top.vds -m64 -product Vivado -mode batch -messageDb vivado.pb -notrace -source top.tcl


****** Vivado v2019.2 (64-bit)
  **** SW Build 2708876 on Wed Nov  6 21:40:23 MST 2019
  **** IP Build 2700528 on Thu Nov  7 00:09:20 MST 2019
    ** Copyright 1986-2019 Xilinx, Inc. All Rights Reserved.

source top.tcl -notrace
Command: synth_design -top top -part xc7a100tcsg324-1
Starting synth_design
Attempting to get a license for feature 'Synthesis' and/or device 'xc7a100t'
INFO: [Common 17-349] Got license for feature 'Synthesis' and/or device 'xc7a100t'
INFO: [Device 21-403] Loading part xc7a100tcsg324-1
INFO: Launching helper process for spawning children vivado processes
INFO: Helper process launched with PID 2832 
---------------------------------------------------------------------------------
Starting RTL Elaboration : Time (s): cpu = 00:00:06 ; elapsed = 00:00:07 . Memory (MB): peak = 862.879 ; gain = 234.859
---------------------------------------------------------------------------------
INFO: [Synth 8-6157] synthesizing module 'top' [C:/Users/Finger_Leader/Desktop/с╡вш/hardwareSynthesisDesign/HardwareSynthesisDesign/HardwareSynthesisDesign/rtls/top.v:23]
INFO: [Synth 8-638] synthesizing module 'inst_ram' [c:/Users/Finger_Leader/Desktop/с╡вш/hardwareSynthesisDesign/HardwareSynthesisDesign/HardwareSynthesisDesign/ip/inst_ram/synth/inst_ram.vhd:72]
	Parameter C_FAMILY bound to: artix7 - type: string 
	Parameter C_XDEVICEFAMILY bound to: artix7 - type: string 
	Parameter C_ELABORATION_DIR bound to: ./ - type: string 
	Parameter C_INTERFACE_TYPE bound to: 0 - type: integer 
	Parameter C_AXI_TYPE bound to: 1 - type: integer 
	Parameter C_AXI_SLAVE_TYPE bound to: 0 - type: integer 
	Parameter C_USE_BRAM_BLOCK bound to: 0 - type: integer 
	Parameter C_ENABLE_32BIT_ADDRESS bound to: 1 - type: integer 
	Parameter C_CTRL_ECC_ALGO bound to: NONE - type: string 
	Parameter C_HAS_AXI_ID bound to: 0 - type: integer 
	Parameter C_AXI_ID_WIDTH bound to: 4 - type: integer 
	Parameter C_MEM_TYPE bound to: 0 - type: integer 
	Parameter C_BYTE_SIZE bound to: 8 - type: integer 
	Parameter C_ALGORITHM bound to: 1 - type: integer 
	Parameter C_PRIM_TYPE bound to: 1 - type: integer 
	Parameter C_LOAD_INIT_FILE bound to: 1 - type: integer 
	Parameter C_INIT_FILE_NAME bound to: inst_ram.mif - type: string 
	Parameter C_INIT_FILE bound to: inst_ram.mem - type: string 
	Parameter C_USE_DEFAULT_DATA bound to: 0 - type: integer 
	Parameter C_DEFAULT_DATA bound to: 0 - type: string 
	Parameter C_HAS_RSTA bound to: 1 - type: integer 
	Parameter C_RST_PRIORITY_A bound to: CE - type: string 
	Parameter C_RSTRAM_A bound to: 0 - type: integer 
	Parameter C_INITA_VAL bound to: 0 - type: string 
	Parameter C_HAS_ENA bound to: 1 - type: integer 
	Parameter C_HAS_REGCEA bound to: 0 - type: integer 
	Parameter C_USE_BYTE_WEA bound to: 1 - type: integer 
	Parameter C_WEA_WIDTH bound to: 4 - type: integer 
	Parameter C_WRITE_MODE_A bound to: WRITE_FIRST - type: string 
	Parameter C_WRITE_WIDTH_A bound to: 32 - type: integer 
	Parameter C_READ_WIDTH_A bound to: 32 - type: integer 
	Parameter C_WRITE_DEPTH_A bound to: 256 - type: integer 
	Parameter C_READ_DEPTH_A bound to: 256 - type: integer 
	Parameter C_ADDRA_WIDTH bound to: 32 - type: integer 
	Parameter C_HAS_RSTB bound to: 0 - type: integer 
	Parameter C_RST_PRIORITY_B bound to: CE - type: string 
	Parameter C_RSTRAM_B bound to: 0 - type: integer 
	Parameter C_INITB_VAL bound to: 0 - type: string 
	Parameter C_HAS_ENB bound to: 0 - type: integer 
	Parameter C_HAS_REGCEB bound to: 0 - type: integer 
	Parameter C_USE_BYTE_WEB bound to: 1 - type: integer 
	Parameter C_WEB_WIDTH bound to: 4 - type: integer 
	Parameter C_WRITE_MODE_B bound to: WRITE_FIRST - type: string 
	Parameter C_WRITE_WIDTH_B bound to: 32 - type: integer 
	Parameter C_READ_WIDTH_B bound to: 32 - type: integer 
	Parameter C_WRITE_DEPTH_B bound to: 256 - type: integer 
	Parameter C_READ_DEPTH_B bound to: 256 - type: integer 
	Parameter C_ADDRB_WIDTH bound to: 32 - type: integer 
	Parameter C_HAS_MEM_OUTPUT_REGS_A bound to: 0 - type: integer 
	Parameter C_HAS_MEM_OUTPUT_REGS_B bound to: 0 - type: integer 
	Parameter C_HAS_MUX_OUTPUT_REGS_A bound to: 0 - type: integer 
	Parameter C_HAS_MUX_OUTPUT_REGS_B bound to: 0 - type: integer 
	Parameter C_MUX_PIPELINE_STAGES bound to: 0 - type: integer 
	Parameter C_HAS_SOFTECC_INPUT_REGS_A bound to: 0 - type: integer 
	Parameter C_HAS_SOFTECC_OUTPUT_REGS_B bound to: 0 - type: integer 
	Parameter C_USE_SOFTECC bound to: 0 - type: integer 
	Parameter C_USE_ECC bound to: 0 - type: integer 
	Parameter C_EN_ECC_PIPE bound to: 0 - type: integer 
	Parameter C_READ_LATENCY_A bound to: 1 - type: integer 
	Parameter C_READ_LATENCY_B bound to: 1 - type: integer 
	Parameter C_HAS_INJECTERR bound to: 0 - type: integer 
	Parameter C_SIM_COLLISION_CHECK bound to: ALL - type: string 
	Parameter C_COMMON_CLK bound to: 0 - type: integer 
	Parameter C_DISABLE_WARN_BHV_COLL bound to: 0 - type: integer 
	Parameter C_EN_SLEEP_PIN bound to: 0 - type: integer 
	Parameter C_USE_URAM bound to: 0 - type: integer 
	Parameter C_EN_RDADDRA_CHG bound to: 0 - type: integer 
	Parameter C_EN_RDADDRB_CHG bound to: 0 - type: integer 
	Parameter C_EN_DEEPSLEEP_PIN bound to: 0 - type: integer 
	Parameter C_EN_SHUTDOWN_PIN bound to: 0 - type: integer 
	Parameter C_EN_SAFETY_CKT bound to: 1 - type: integer 
	Parameter C_DISABLE_WARN_BHV_RANGE bound to: 0 - type: integer 
	Parameter C_COUNT_36K_BRAM bound to: 0 - type: string 
	Parameter C_COUNT_18K_BRAM bound to: 1 - type: string 
	Parameter C_EST_POWER_SUMMARY bound to: Estimated Power for IP     :     3.53845 mW - type: string 
INFO: [Synth 8-3491] module 'blk_mem_gen_v8_4_4' declared at 'c:/Users/Finger_Leader/Desktop/с╡вш/hardwareSynthesisDesign/HardwareSynthesisDesign/HardwareSynthesisDesign/ip/data_ram/hdl/blk_mem_gen_v8_4_vhsyn_rfs.vhd:195321' bound to instance 'U0' of component 'blk_mem_gen_v8_4_4' [c:/Users/Finger_Leader/Desktop/с╡вш/hardwareSynthesisDesign/HardwareSynthesisDesign/HardwareSynthesisDesign/ip/inst_ram/synth/inst_ram.vhd:239]
INFO: [Synth 8-256] done synthesizing module 'inst_ram' (9#1) [c:/Users/Finger_Leader/Desktop/с╡вш/hardwareSynthesisDesign/HardwareSynthesisDesign/HardwareSynthesisDesign/ip/inst_ram/synth/inst_ram.vhd:72]
WARNING: [Synth 8-7023] instance 'iram' of module 'inst_ram' has 8 connections declared, but only 6 given [C:/Users/Finger_Leader/Desktop/с╡вш/hardwareSynthesisDesign/HardwareSynthesisDesign/HardwareSynthesisDesign/rtls/top.v:47]
INFO: [Synth 8-638] synthesizing module 'data_ram' [c:/Users/Finger_Leader/Desktop/с╡вш/hardwareSynthesisDesign/HardwareSynthesisDesign/HardwareSynthesisDesign/ip/data_ram/synth/data_ram.vhd:72]
	Parameter C_FAMILY bound to: artix7 - type: string 
	Parameter C_XDEVICEFAMILY bound to: artix7 - type: string 
	Parameter C_ELABORATION_DIR bound to: ./ - type: string 
	Parameter C_INTERFACE_TYPE bound to: 0 - type: integer 
	Parameter C_AXI_TYPE bound to: 1 - type: integer 
	Parameter C_AXI_SLAVE_TYPE bound to: 0 - type: integer 
	Parameter C_USE_BRAM_BLOCK bound to: 0 - type: integer 
	Parameter C_ENABLE_32BIT_ADDRESS bound to: 1 - type: integer 
	Parameter C_CTRL_ECC_ALGO bound to: NONE - type: string 
	Parameter C_HAS_AXI_ID bound to: 0 - type: integer 
	Parameter C_AXI_ID_WIDTH bound to: 4 - type: integer 
	Parameter C_MEM_TYPE bound to: 0 - type: integer 
	Parameter C_BYTE_SIZE bound to: 8 - type: integer 
	Parameter C_ALGORITHM bound to: 1 - type: integer 
	Parameter C_PRIM_TYPE bound to: 1 - type: integer 
	Parameter C_LOAD_INIT_FILE bound to: 1 - type: integer 
	Parameter C_INIT_FILE_NAME bound to: data_ram.mif - type: string 
	Parameter C_INIT_FILE bound to: data_ram.mem - type: string 
	Parameter C_USE_DEFAULT_DATA bound to: 0 - type: integer 
	Parameter C_DEFAULT_DATA bound to: 0 - type: string 
	Parameter C_HAS_RSTA bound to: 1 - type: integer 
	Parameter C_RST_PRIORITY_A bound to: CE - type: string 
	Parameter C_RSTRAM_A bound to: 0 - type: integer 
	Parameter C_INITA_VAL bound to: 0 - type: string 
	Parameter C_HAS_ENA bound to: 1 - type: integer 
	Parameter C_HAS_REGCEA bound to: 0 - type: integer 
	Parameter C_USE_BYTE_WEA bound to: 1 - type: integer 
	Parameter C_WEA_WIDTH bound to: 4 - type: integer 
	Parameter C_WRITE_MODE_A bound to: WRITE_FIRST - type: string 
	Parameter C_WRITE_WIDTH_A bound to: 32 - type: integer 
	Parameter C_READ_WIDTH_A bound to: 32 - type: integer 
	Parameter C_WRITE_DEPTH_A bound to: 1024 - type: integer 
	Parameter C_READ_DEPTH_A bound to: 1024 - type: integer 
	Parameter C_ADDRA_WIDTH bound to: 32 - type: integer 
	Parameter C_HAS_RSTB bound to: 0 - type: integer 
	Parameter C_RST_PRIORITY_B bound to: CE - type: string 
	Parameter C_RSTRAM_B bound to: 0 - type: integer 
	Parameter C_INITB_VAL bound to: 0 - type: string 
	Parameter C_HAS_ENB bound to: 0 - type: integer 
	Parameter C_HAS_REGCEB bound to: 0 - type: integer 
	Parameter C_USE_BYTE_WEB bound to: 1 - type: integer 
	Parameter C_WEB_WIDTH bound to: 4 - type: integer 
	Parameter C_WRITE_MODE_B bound to: WRITE_FIRST - type: string 
	Parameter C_WRITE_WIDTH_B bound to: 32 - type: integer 
	Parameter C_READ_WIDTH_B bound to: 32 - type: integer 
	Parameter C_WRITE_DEPTH_B bound to: 1024 - type: integer 
	Parameter C_READ_DEPTH_B bound to: 1024 - type: integer 
	Parameter C_ADDRB_WIDTH bound to: 32 - type: integer 
	Parameter C_HAS_MEM_OUTPUT_REGS_A bound to: 0 - type: integer 
	Parameter C_HAS_MEM_OUTPUT_REGS_B bound to: 0 - type: integer 
	Parameter C_HAS_MUX_OUTPUT_REGS_A bound to: 0 - type: integer 
	Parameter C_HAS_MUX_OUTPUT_REGS_B bound to: 0 - type: integer 
	Parameter C_MUX_PIPELINE_STAGES bound to: 0 - type: integer 
	Parameter C_HAS_SOFTECC_INPUT_REGS_A bound to: 0 - type: integer 
	Parameter C_HAS_SOFTECC_OUTPUT_REGS_B bound to: 0 - type: integer 
	Parameter C_USE_SOFTECC bound to: 0 - type: integer 
	Parameter C_USE_ECC bound to: 0 - type: integer 
	Parameter C_EN_ECC_PIPE bound to: 0 - type: integer 
	Parameter C_READ_LATENCY_A bound to: 1 - type: integer 
	Parameter C_READ_LATENCY_B bound to: 1 - type: integer 
	Parameter C_HAS_INJECTERR bound to: 0 - type: integer 
	Parameter C_SIM_COLLISION_CHECK bound to: ALL - type: string 
	Parameter C_COMMON_CLK bound to: 0 - type: integer 
	Parameter C_DISABLE_WARN_BHV_COLL bound to: 0 - type: integer 
	Parameter C_EN_SLEEP_PIN bound to: 0 - type: integer 
	Parameter C_USE_URAM bound to: 0 - type: integer 
	Parameter C_EN_RDADDRA_CHG bound to: 0 - type: integer 
	Parameter C_EN_RDADDRB_CHG bound to: 0 - type: integer 
	Parameter C_EN_DEEPSLEEP_PIN bound to: 0 - type: integer 
	Parameter C_EN_SHUTDOWN_PIN bound to: 0 - type: integer 
	Parameter C_EN_SAFETY_CKT bound to: 1 - type: integer 
	Parameter C_DISABLE_WARN_BHV_RANGE bound to: 0 - type: integer 
	Parameter C_COUNT_36K_BRAM bound to: 1 - type: string 
	Parameter C_COUNT_18K_BRAM bound to: 0 - type: string 
	Parameter C_EST_POWER_SUMMARY bound to: Estimated Power for IP     :     2.96495 mW - type: string 
INFO: [Synth 8-3491] module 'blk_mem_gen_v8_4_4' declared at 'c:/Users/Finger_Leader/Desktop/с╡вш/hardwareSynthesisDesign/HardwareSynthesisDesign/HardwareSynthesisDesign/ip/data_ram/hdl/blk_mem_gen_v8_4_vhsyn_rfs.vhd:195321' bound to instance 'U0' of component 'blk_mem_gen_v8_4_4' [c:/Users/Finger_Leader/Desktop/с╡вш/hardwareSynthesisDesign/HardwareSynthesisDesign/HardwareSynthesisDesign/ip/data_ram/synth/data_ram.vhd:239]
INFO: [Synth 8-256] done synthesizing module 'data_ram' (10#1) [c:/Users/Finger_Leader/Desktop/с╡вш/hardwareSynthesisDesign/HardwareSynthesisDesign/HardwareSynthesisDesign/ip/data_ram/synth/data_ram.vhd:72]
WARNING: [Synth 8-7023] instance 'dram' of module 'data_ram' has 8 connections declared, but only 6 given [C:/Users/Finger_Leader/Desktop/с╡вш/hardwareSynthesisDesign/HardwareSynthesisDesign/HardwareSynthesisDesign/rtls/top.v:58]
INFO: [Synth 8-6157] synthesizing module 'mips' [C:/Users/Finger_Leader/Desktop/с╡вш/hardwareSynthesisDesign/HardwareSynthesisDesign/HardwareSynthesisDesign/rtls/mips.v:23]
INFO: [Synth 8-6157] synthesizing module 'controller' [C:/Users/Finger_Leader/Desktop/с╡вш/hardwareSynthesisDesign/HardwareSynthesisDesign/HardwareSynthesisDesign/rtls/controller.v:23]
INFO: [Synth 8-6157] synthesizing module 'maindec' [C:/Users/Finger_Leader/Desktop/с╡вш/hardwareSynthesisDesign/HardwareSynthesisDesign/HardwareSynthesisDesign/HardwareSynthesisDesign.srcs/sources_1/new/maindec.v:23]
WARNING: [Synth 8-151] case item 6'b000000 is unreachable [C:/Users/Finger_Leader/Desktop/с╡вш/hardwareSynthesisDesign/HardwareSynthesisDesign/HardwareSynthesisDesign/HardwareSynthesisDesign.srcs/sources_1/new/maindec.v:55]
INFO: [Synth 8-155] case statement is not full and has no default [C:/Users/Finger_Leader/Desktop/с╡вш/hardwareSynthesisDesign/HardwareSynthesisDesign/HardwareSynthesisDesign/HardwareSynthesisDesign.srcs/sources_1/new/maindec.v:58]
WARNING: [Synth 8-3848] Net jal in module/entity maindec does not have driver. [C:/Users/Finger_Leader/Desktop/с╡вш/hardwareSynthesisDesign/HardwareSynthesisDesign/HardwareSynthesisDesign/HardwareSynthesisDesign.srcs/sources_1/new/maindec.v:28]
INFO: [Synth 8-6155] done synthesizing module 'maindec' (11#1) [C:/Users/Finger_Leader/Desktop/с╡вш/hardwareSynthesisDesign/HardwareSynthesisDesign/HardwareSynthesisDesign/HardwareSynthesisDesign.srcs/sources_1/new/maindec.v:23]
INFO: [Synth 8-6157] synthesizing module 'aludec' [C:/Users/Finger_Leader/Desktop/с╡вш/hardwareSynthesisDesign/HardwareSynthesisDesign/HardwareSynthesisDesign/HardwareSynthesisDesign.srcs/sources_1/new/aludec_57inst.v:24]
INFO: [Synth 8-6155] done synthesizing module 'aludec' (12#1) [C:/Users/Finger_Leader/Desktop/с╡вш/hardwareSynthesisDesign/HardwareSynthesisDesign/HardwareSynthesisDesign/HardwareSynthesisDesign.srcs/sources_1/new/aludec_57inst.v:24]
INFO: [Synth 8-6157] synthesizing module 'floprc' [C:/Users/Finger_Leader/Desktop/с╡вш/hardwareSynthesisDesign/HardwareSynthesisDesign/HardwareSynthesisDesign/rtls/floprc.v:23]
	Parameter WIDTH bound to: 1 - type: integer 
INFO: [Synth 8-6155] done synthesizing module 'floprc' (13#1) [C:/Users/Finger_Leader/Desktop/с╡вш/hardwareSynthesisDesign/HardwareSynthesisDesign/HardwareSynthesisDesign/rtls/floprc.v:23]
INFO: [Synth 8-6157] synthesizing module 'floprc__parameterized0' [C:/Users/Finger_Leader/Desktop/с╡вш/hardwareSynthesisDesign/HardwareSynthesisDesign/HardwareSynthesisDesign/rtls/floprc.v:23]
	Parameter WIDTH bound to: 8 - type: integer 
INFO: [Synth 8-6155] done synthesizing module 'floprc__parameterized0' (13#1) [C:/Users/Finger_Leader/Desktop/с╡вш/hardwareSynthesisDesign/HardwareSynthesisDesign/HardwareSynthesisDesign/rtls/floprc.v:23]
INFO: [Synth 8-6155] done synthesizing module 'controller' (14#1) [C:/Users/Finger_Leader/Desktop/с╡вш/hardwareSynthesisDesign/HardwareSynthesisDesign/HardwareSynthesisDesign/rtls/controller.v:23]
WARNING: [Synth 8-6104] Input port 'data_ram_wea' has an internal driver [C:/Users/Finger_Leader/Desktop/с╡вш/hardwareSynthesisDesign/HardwareSynthesisDesign/HardwareSynthesisDesign/rtls/mips.v:54]
INFO: [Synth 8-6157] synthesizing module 'datapath' [C:/Users/Finger_Leader/Desktop/с╡вш/hardwareSynthesisDesign/HardwareSynthesisDesign/HardwareSynthesisDesign/rtls/datapath.v:22]
INFO: [Synth 8-6157] synthesizing module 'pc' [C:/Users/Finger_Leader/Desktop/с╡вш/hardwareSynthesisDesign/HardwareSynthesisDesign/HardwareSynthesisDesign/rtls/pc.v:23]
INFO: [Synth 8-6155] done synthesizing module 'pc' (15#1) [C:/Users/Finger_Leader/Desktop/с╡вш/hardwareSynthesisDesign/HardwareSynthesisDesign/HardwareSynthesisDesign/rtls/pc.v:23]
INFO: [Synth 8-6157] synthesizing module 'adder' [C:/Users/Finger_Leader/Desktop/с╡вш/hardwareSynthesisDesign/HardwareSynthesisDesign/HardwareSynthesisDesign/rtls/adder.v:23]
INFO: [Synth 8-6155] done synthesizing module 'adder' (16#1) [C:/Users/Finger_Leader/Desktop/с╡вш/hardwareSynthesisDesign/HardwareSynthesisDesign/HardwareSynthesisDesign/rtls/adder.v:23]
INFO: [Synth 8-6157] synthesizing module 'flopenrc' [C:/Users/Finger_Leader/Desktop/с╡вш/hardwareSynthesisDesign/HardwareSynthesisDesign/HardwareSynthesisDesign/rtls/flopenrc.v:23]
	Parameter WIDTH bound to: 32 - type: integer 
INFO: [Synth 8-6155] done synthesizing module 'flopenrc' (17#1) [C:/Users/Finger_Leader/Desktop/с╡вш/hardwareSynthesisDesign/HardwareSynthesisDesign/HardwareSynthesisDesign/rtls/flopenrc.v:23]
INFO: [Synth 8-6157] synthesizing module 'regfile' [C:/Users/Finger_Leader/Desktop/с╡вш/hardwareSynthesisDesign/HardwareSynthesisDesign/HardwareSynthesisDesign/rtls/regfile.v:23]
INFO: [Synth 8-6155] done synthesizing module 'regfile' (18#1) [C:/Users/Finger_Leader/Desktop/с╡вш/hardwareSynthesisDesign/HardwareSynthesisDesign/HardwareSynthesisDesign/rtls/regfile.v:23]
INFO: [Synth 8-6157] synthesizing module 'mux4x1_forwardD' [C:/Users/Finger_Leader/Desktop/с╡вш/hardwareSynthesisDesign/HardwareSynthesisDesign/HardwareSynthesisDesign/rtls/mux4x1_forwardD.v:23]
INFO: [Synth 8-6155] done synthesizing module 'mux4x1_forwardD' (19#1) [C:/Users/Finger_Leader/Desktop/с╡вш/hardwareSynthesisDesign/HardwareSynthesisDesign/HardwareSynthesisDesign/rtls/mux4x1_forwardD.v:23]
INFO: [Synth 8-6157] synthesizing module 'flopenrc__parameterized0' [C:/Users/Finger_Leader/Desktop/с╡вш/hardwareSynthesisDesign/HardwareSynthesisDesign/HardwareSynthesisDesign/rtls/flopenrc.v:23]
	Parameter WIDTH bound to: 5 - type: integer 
INFO: [Synth 8-6155] done synthesizing module 'flopenrc__parameterized0' (19#1) [C:/Users/Finger_Leader/Desktop/с╡вш/hardwareSynthesisDesign/HardwareSynthesisDesign/HardwareSynthesisDesign/rtls/flopenrc.v:23]
INFO: [Synth 8-6157] synthesizing module 'sign_extend' [C:/Users/Finger_Leader/Desktop/с╡вш/hardwareSynthesisDesign/HardwareSynthesisDesign/HardwareSynthesisDesign/HardwareSynthesisDesign.srcs/sources_1/new/sign_extend_57inst.v:23]
INFO: [Synth 8-6155] done synthesizing module 'sign_extend' (20#1) [C:/Users/Finger_Leader/Desktop/с╡вш/hardwareSynthesisDesign/HardwareSynthesisDesign/HardwareSynthesisDesign/HardwareSynthesisDesign.srcs/sources_1/new/sign_extend_57inst.v:23]
INFO: [Synth 8-6157] synthesizing module 'mux3x1_forward' [C:/Users/Finger_Leader/Desktop/с╡вш/hardwareSynthesisDesign/HardwareSynthesisDesign/HardwareSynthesisDesign/rtls/mux3x1_forward.v:23]
INFO: [Synth 8-6155] done synthesizing module 'mux3x1_forward' (21#1) [C:/Users/Finger_Leader/Desktop/с╡вш/hardwareSynthesisDesign/HardwareSynthesisDesign/HardwareSynthesisDesign/rtls/mux3x1_forward.v:23]
INFO: [Synth 8-6157] synthesizing module 'mux2x1_32' [C:/Users/Finger_Leader/Desktop/с╡вш/hardwareSynthesisDesign/HardwareSynthesisDesign/HardwareSynthesisDesign/rtls/mux2x1_32.v:23]
INFO: [Synth 8-6155] done synthesizing module 'mux2x1_32' (22#1) [C:/Users/Finger_Leader/Desktop/с╡вш/hardwareSynthesisDesign/HardwareSynthesisDesign/HardwareSynthesisDesign/rtls/mux2x1_32.v:23]
INFO: [Synth 8-6157] synthesizing module 'hazard_unit' [C:/Users/Finger_Leader/Desktop/с╡вш/hardwareSynthesisDesign/HardwareSynthesisDesign/HardwareSynthesisDesign/rtls/hazard_unit.v:23]
INFO: [Synth 8-6155] done synthesizing module 'hazard_unit' (23#1) [C:/Users/Finger_Leader/Desktop/с╡вш/hardwareSynthesisDesign/HardwareSynthesisDesign/HardwareSynthesisDesign/rtls/hazard_unit.v:23]
WARNING: [Synth 8-689] width (32) of port connection 'memtoregM' does not match port width (1) of module 'hazard_unit' [C:/Users/Finger_Leader/Desktop/с╡вш/hardwareSynthesisDesign/HardwareSynthesisDesign/HardwareSynthesisDesign/rtls/datapath.v:300]
INFO: [Synth 8-6157] synthesizing module 'alu' [C:/Users/Finger_Leader/Desktop/с╡вш/hardwareSynthesisDesign/HardwareSynthesisDesign/HardwareSynthesisDesign/HardwareSynthesisDesign.srcs/sources_1/new/alu_57inst.v:25]
WARNING: [Synth 8-3848] Net zero in module/entity alu does not have driver. [C:/Users/Finger_Leader/Desktop/с╡вш/hardwareSynthesisDesign/HardwareSynthesisDesign/HardwareSynthesisDesign/HardwareSynthesisDesign.srcs/sources_1/new/alu_57inst.v:37]
INFO: [Synth 8-6155] done synthesizing module 'alu' (24#1) [C:/Users/Finger_Leader/Desktop/с╡вш/hardwareSynthesisDesign/HardwareSynthesisDesign/HardwareSynthesisDesign/HardwareSynthesisDesign.srcs/sources_1/new/alu_57inst.v:25]
INFO: [Synth 8-6157] synthesizing module 'flopenrc__parameterized1' [C:/Users/Finger_Leader/Desktop/с╡вш/hardwareSynthesisDesign/HardwareSynthesisDesign/HardwareSynthesisDesign/rtls/flopenrc.v:23]
	Parameter WIDTH bound to: 1 - type: integer 
INFO: [Synth 8-6155] done synthesizing module 'flopenrc__parameterized1' (24#1) [C:/Users/Finger_Leader/Desktop/с╡вш/hardwareSynthesisDesign/HardwareSynthesisDesign/HardwareSynthesisDesign/rtls/flopenrc.v:23]
INFO: [Synth 8-6157] synthesizing module 'sl2' [C:/Users/Finger_Leader/Desktop/с╡вш/hardwareSynthesisDesign/HardwareSynthesisDesign/HardwareSynthesisDesign/rtls/sl2.v:23]
INFO: [Synth 8-6155] done synthesizing module 'sl2' (25#1) [C:/Users/Finger_Leader/Desktop/с╡вш/hardwareSynthesisDesign/HardwareSynthesisDesign/HardwareSynthesisDesign/rtls/sl2.v:23]
INFO: [Synth 8-6157] synthesizing module 'mux2x1_5' [C:/Users/Finger_Leader/Desktop/с╡вш/hardwareSynthesisDesign/HardwareSynthesisDesign/HardwareSynthesisDesign/rtls/mux2x1_5.v:23]
INFO: [Synth 8-6155] done synthesizing module 'mux2x1_5' (26#1) [C:/Users/Finger_Leader/Desktop/с╡вш/hardwareSynthesisDesign/HardwareSynthesisDesign/HardwareSynthesisDesign/rtls/mux2x1_5.v:23]
WARNING: [Synth 8-689] width (5) of port connection 'q' does not match port width (32) of module 'flopenrc' [C:/Users/Finger_Leader/Desktop/с╡вш/hardwareSynthesisDesign/HardwareSynthesisDesign/HardwareSynthesisDesign/rtls/datapath.v:382]
WARNING: [Synth 8-689] width (5) of port connection 'q' does not match port width (32) of module 'flopenrc' [C:/Users/Finger_Leader/Desktop/с╡вш/hardwareSynthesisDesign/HardwareSynthesisDesign/HardwareSynthesisDesign/rtls/datapath.v:392]
INFO: [Synth 8-6157] synthesizing module 'floprc__parameterized1' [C:/Users/Finger_Leader/Desktop/с╡вш/hardwareSynthesisDesign/HardwareSynthesisDesign/HardwareSynthesisDesign/rtls/floprc.v:23]
	Parameter WIDTH bound to: 32 - type: integer 
INFO: [Synth 8-6155] done synthesizing module 'floprc__parameterized1' (26#1) [C:/Users/Finger_Leader/Desktop/с╡вш/hardwareSynthesisDesign/HardwareSynthesisDesign/HardwareSynthesisDesign/rtls/floprc.v:23]
WARNING: [Synth 8-3848] Net memtoregM in module/entity datapath does not have driver. [C:/Users/Finger_Leader/Desktop/с╡вш/hardwareSynthesisDesign/HardwareSynthesisDesign/HardwareSynthesisDesign/rtls/datapath.v:57]
INFO: [Synth 8-6155] done synthesizing module 'datapath' (27#1) [C:/Users/Finger_Leader/Desktop/с╡вш/hardwareSynthesisDesign/HardwareSynthesisDesign/HardwareSynthesisDesign/rtls/datapath.v:22]
WARNING: [Synth 8-7023] instance 'dp' of module 'datapath' has 25 connections declared, but only 24 given [C:/Users/Finger_Leader/Desktop/с╡вш/hardwareSynthesisDesign/HardwareSynthesisDesign/HardwareSynthesisDesign/rtls/mips.v:67]
WARNING: [Synth 8-3848] Net branch in module/entity mips does not have driver. [C:/Users/Finger_Leader/Desktop/с╡вш/hardwareSynthesisDesign/HardwareSynthesisDesign/HardwareSynthesisDesign/rtls/mips.v:36]
WARNING: [Synth 8-3848] Net flushE in module/entity mips does not have driver. [C:/Users/Finger_Leader/Desktop/с╡вш/hardwareSynthesisDesign/HardwareSynthesisDesign/HardwareSynthesisDesign/rtls/mips.v:36]
INFO: [Synth 8-6155] done synthesizing module 'mips' (28#1) [C:/Users/Finger_Leader/Desktop/с╡вш/hardwareSynthesisDesign/HardwareSynthesisDesign/HardwareSynthesisDesign/rtls/mips.v:23]
WARNING: [Synth 8-3848] Net data_ram_wea in module/entity top does not have driver. [C:/Users/Finger_Leader/Desktop/с╡вш/hardwareSynthesisDesign/HardwareSynthesisDesign/HardwareSynthesisDesign/rtls/top.v:36]
INFO: [Synth 8-6155] done synthesizing module 'top' (29#1) [C:/Users/Finger_Leader/Desktop/с╡вш/hardwareSynthesisDesign/HardwareSynthesisDesign/HardwareSynthesisDesign/rtls/top.v:23]
WARNING: [Synth 8-3331] design sl2 has unconnected port a[31]
WARNING: [Synth 8-3331] design sl2 has unconnected port a[30]
WARNING: [Synth 8-3331] design alu has unconnected port zero
WARNING: [Synth 8-3331] design hazard_unit has unconnected port memtoregM
WARNING: [Synth 8-3331] design hazard_unit has unconnected port pcsrcD
WARNING: [Synth 8-3331] design maindec has unconnected port jal
WARNING: [Synth 8-3331] design controller has unconnected port flushE
WARNING: [Synth 8-3331] design controller has unconnected port instr[25]
WARNING: [Synth 8-3331] design controller has unconnected port instr[24]
WARNING: [Synth 8-3331] design controller has unconnected port instr[23]
WARNING: [Synth 8-3331] design controller has unconnected port instr[22]
WARNING: [Synth 8-3331] design controller has unconnected port instr[21]
WARNING: [Synth 8-3331] design controller has unconnected port instr[20]
WARNING: [Synth 8-3331] design controller has unconnected port instr[19]
WARNING: [Synth 8-3331] design controller has unconnected port instr[18]
WARNING: [Synth 8-3331] design controller has unconnected port instr[17]
WARNING: [Synth 8-3331] design controller has unconnected port instr[16]
WARNING: [Synth 8-3331] design controller has unconnected port instr[15]
WARNING: [Synth 8-3331] design controller has unconnected port instr[14]
WARNING: [Synth 8-3331] design controller has unconnected port instr[13]
WARNING: [Synth 8-3331] design controller has unconnected port instr[12]
WARNING: [Synth 8-3331] design controller has unconnected port instr[11]
WARNING: [Synth 8-3331] design controller has unconnected port instr[10]
WARNING: [Synth 8-3331] design controller has unconnected port instr[9]
WARNING: [Synth 8-3331] design controller has unconnected port instr[8]
WARNING: [Synth 8-3331] design controller has unconnected port instr[7]
WARNING: [Synth 8-3331] design controller has unconnected port instr[6]
WARNING: [Synth 8-3331] design mips has unconnected port out_branch
WARNING: [Synth 8-3331] design blk_mem_output_block__parameterized0 has unconnected port CLKB
WARNING: [Synth 8-3331] design blk_mem_output_block__parameterized0 has unconnected port DOUTB_I[31]
WARNING: [Synth 8-3331] design blk_mem_output_block__parameterized0 has unconnected port DOUTB_I[30]
WARNING: [Synth 8-3331] design blk_mem_output_block__parameterized0 has unconnected port DOUTB_I[29]
WARNING: [Synth 8-3331] design blk_mem_output_block__parameterized0 has unconnected port DOUTB_I[28]
WARNING: [Synth 8-3331] design blk_mem_output_block__parameterized0 has unconnected port DOUTB_I[27]
WARNING: [Synth 8-3331] design blk_mem_output_block__parameterized0 has unconnected port DOUTB_I[26]
WARNING: [Synth 8-3331] design blk_mem_output_block__parameterized0 has unconnected port DOUTB_I[25]
WARNING: [Synth 8-3331] design blk_mem_output_block__parameterized0 has unconnected port DOUTB_I[24]
WARNING: [Synth 8-3331] design blk_mem_output_block__parameterized0 has unconnected port DOUTB_I[23]
WARNING: [Synth 8-3331] design blk_mem_output_block__parameterized0 has unconnected port DOUTB_I[22]
WARNING: [Synth 8-3331] design blk_mem_output_block__parameterized0 has unconnected port DOUTB_I[21]
WARNING: [Synth 8-3331] design blk_mem_output_block__parameterized0 has unconnected port DOUTB_I[20]
WARNING: [Synth 8-3331] design blk_mem_output_block__parameterized0 has unconnected port DOUTB_I[19]
WARNING: [Synth 8-3331] design blk_mem_output_block__parameterized0 has unconnected port DOUTB_I[18]
WARNING: [Synth 8-3331] design blk_mem_output_block__parameterized0 has unconnected port DOUTB_I[17]
WARNING: [Synth 8-3331] design blk_mem_output_block__parameterized0 has unconnected port DOUTB_I[16]
WARNING: [Synth 8-3331] design blk_mem_output_block__parameterized0 has unconnected port DOUTB_I[15]
WARNING: [Synth 8-3331] design blk_mem_output_block__parameterized0 has unconnected port DOUTB_I[14]
WARNING: [Synth 8-3331] design blk_mem_output_block__parameterized0 has unconnected port DOUTB_I[13]
WARNING: [Synth 8-3331] design blk_mem_output_block__parameterized0 has unconnected port DOUTB_I[12]
WARNING: [Synth 8-3331] design blk_mem_output_block__parameterized0 has unconnected port DOUTB_I[11]
WARNING: [Synth 8-3331] design blk_mem_output_block__parameterized0 has unconnected port DOUTB_I[10]
WARNING: [Synth 8-3331] design blk_mem_output_block__parameterized0 has unconnected port DOUTB_I[9]
WARNING: [Synth 8-3331] design blk_mem_output_block__parameterized0 has unconnected port DOUTB_I[8]
WARNING: [Synth 8-3331] design blk_mem_output_block__parameterized0 has unconnected port DOUTB_I[7]
WARNING: [Synth 8-3331] design blk_mem_output_block__parameterized0 has unconnected port DOUTB_I[6]
WARNING: [Synth 8-3331] design blk_mem_output_block__parameterized0 has unconnected port DOUTB_I[5]
WARNING: [Synth 8-3331] design blk_mem_output_block__parameterized0 has unconnected port DOUTB_I[4]
WARNING: [Synth 8-3331] design blk_mem_output_block__parameterized0 has unconnected port DOUTB_I[3]
WARNING: [Synth 8-3331] design blk_mem_output_block__parameterized0 has unconnected port DOUTB_I[2]
WARNING: [Synth 8-3331] design blk_mem_output_block__parameterized0 has unconnected port DOUTB_I[1]
WARNING: [Synth 8-3331] design blk_mem_output_block__parameterized0 has unconnected port DOUTB_I[0]
WARNING: [Synth 8-3331] design blk_mem_output_block__parameterized0 has unconnected port SBITERR_I
WARNING: [Synth 8-3331] design blk_mem_output_block__parameterized0 has unconnected port DBITERR_I
WARNING: [Synth 8-3331] design blk_mem_output_block__parameterized0 has unconnected port RDADDRECC_I[9]
WARNING: [Synth 8-3331] design blk_mem_output_block__parameterized0 has unconnected port RDADDRECC_I[8]
WARNING: [Synth 8-3331] design blk_mem_output_block__parameterized0 has unconnected port RDADDRECC_I[7]
WARNING: [Synth 8-3331] design blk_mem_output_block__parameterized0 has unconnected port RDADDRECC_I[6]
WARNING: [Synth 8-3331] design blk_mem_output_block__parameterized0 has unconnected port RDADDRECC_I[5]
WARNING: [Synth 8-3331] design blk_mem_output_block__parameterized0 has unconnected port RDADDRECC_I[4]
WARNING: [Synth 8-3331] design blk_mem_output_block__parameterized0 has unconnected port RDADDRECC_I[3]
WARNING: [Synth 8-3331] design blk_mem_output_block__parameterized0 has unconnected port RDADDRECC_I[2]
WARNING: [Synth 8-3331] design blk_mem_output_block__parameterized0 has unconnected port RDADDRECC_I[1]
WARNING: [Synth 8-3331] design blk_mem_output_block__parameterized0 has unconnected port RDADDRECC_I[0]
WARNING: [Synth 8-3331] design blk_mem_gen_prim_wrapper_init__parameterized0 has unconnected port SSRA
WARNING: [Synth 8-3331] design blk_mem_gen_prim_wrapper_init__parameterized0 has unconnected port CLKB
WARNING: [Synth 8-3331] design blk_mem_gen_prim_wrapper_init__parameterized0 has unconnected port SSRB
WARNING: [Synth 8-3331] design blk_mem_gen_prim_wrapper_init__parameterized0 has unconnected port ENB
WARNING: [Synth 8-3331] design blk_mem_gen_prim_wrapper_init__parameterized0 has unconnected port REGCEB
WARNING: [Synth 8-3331] design blk_mem_gen_prim_wrapper_init__parameterized0 has unconnected port WEB[3]
WARNING: [Synth 8-3331] design blk_mem_gen_prim_wrapper_init__parameterized0 has unconnected port WEB[2]
WARNING: [Synth 8-3331] design blk_mem_gen_prim_wrapper_init__parameterized0 has unconnected port WEB[1]
WARNING: [Synth 8-3331] design blk_mem_gen_prim_wrapper_init__parameterized0 has unconnected port WEB[0]
WARNING: [Synth 8-3331] design blk_mem_gen_prim_wrapper_init__parameterized0 has unconnected port ADDRB[9]
WARNING: [Synth 8-3331] design blk_mem_gen_prim_wrapper_init__parameterized0 has unconnected port ADDRB[8]
WARNING: [Synth 8-3331] design blk_mem_gen_prim_wrapper_init__parameterized0 has unconnected port ADDRB[7]
WARNING: [Synth 8-3331] design blk_mem_gen_prim_wrapper_init__parameterized0 has unconnected port ADDRB[6]
WARNING: [Synth 8-3331] design blk_mem_gen_prim_wrapper_init__parameterized0 has unconnected port ADDRB[5]
WARNING: [Synth 8-3331] design blk_mem_gen_prim_wrapper_init__parameterized0 has unconnected port ADDRB[4]
WARNING: [Synth 8-3331] design blk_mem_gen_prim_wrapper_init__parameterized0 has unconnected port ADDRB[3]
WARNING: [Synth 8-3331] design blk_mem_gen_prim_wrapper_init__parameterized0 has unconnected port ADDRB[2]
WARNING: [Synth 8-3331] design blk_mem_gen_prim_wrapper_init__parameterized0 has unconnected port ADDRB[1]
WARNING: [Synth 8-3331] design blk_mem_gen_prim_wrapper_init__parameterized0 has unconnected port ADDRB[0]
WARNING: [Synth 8-3331] design blk_mem_gen_prim_wrapper_init__parameterized0 has unconnected port DINB[35]
WARNING: [Synth 8-3331] design blk_mem_gen_prim_wrapper_init__parameterized0 has unconnected port DINB[34]
WARNING: [Synth 8-3331] design blk_mem_gen_prim_wrapper_init__parameterized0 has unconnected port DINB[33]
WARNING: [Synth 8-3331] design blk_mem_gen_prim_wrapper_init__parameterized0 has unconnected port DINB[32]
WARNING: [Synth 8-3331] design blk_mem_gen_prim_wrapper_init__parameterized0 has unconnected port DINB[31]
WARNING: [Synth 8-3331] design blk_mem_gen_prim_wrapper_init__parameterized0 has unconnected port DINB[30]
WARNING: [Synth 8-3331] design blk_mem_gen_prim_wrapper_init__parameterized0 has unconnected port DINB[29]
WARNING: [Synth 8-3331] design blk_mem_gen_prim_wrapper_init__parameterized0 has unconnected port DINB[28]
INFO: [Common 17-14] Message 'Synth 8-3331' appears 100 times and further instances of the messages will be disabled. Use the Tcl command set_msg_config to change the current settings.
TclStackFree: incorrect freePtr. Call out of sequence?
